<?xml version="1.0" encoding="UTF-8"?>
<!-- Generated by org.testng.reporters.JUnitReportReporter -->
<testsuite hostname="MaiSherif" failures="0" tests="2" name="tests.AssignEvaluatorTest" time="12.307" errors="0" timestamp="2023-06-14T12:09:37 EET" skipped="0">
  <testcase classname="tests.AssignEvaluatorTest" name="AssignEvaluator" time="8.075"/>
  <system-out/>
  <testcase classname="tests.AssignEvaluatorTest" name="LoginSuccessfullyPurchasingdepartment" time="4.232"/>
  <system-out/>
</testsuite> <!-- tests.AssignEvaluatorTest -->
