<?xml version="1.0" encoding="UTF-8"?>
<!-- Generated by org.testng.reporters.JUnitReportReporter -->
<testsuite hostname="MaiSherif" failures="0" tests="3" name="tests.ApproveCaseReportbyEvaluationEmployee" time="40.516" errors="0" timestamp="2023-01-11T11:03:34 EET" skipped="0">
  <testcase classname="tests.ApproveCaseReportbyEvaluationEmployee" name="employeeevaluation" time="34.613"/>
  <system-out/>
  <testcase classname="tests.ApproveCaseReportbyEvaluationEmployee" name="logout1" time="0.019"/>
  <system-out/>
  <testcase classname="tests.ApproveCaseReportbyEvaluationEmployee" name="loginEvaluationEmploee" time="5.884"/>
  <system-out/>
</testsuite> <!-- tests.ApproveCaseReportbyEvaluationEmployee -->
