<?xml version="1.0" encoding="UTF-8"?>
<!-- Generated by org.testng.reporters.JUnitReportReporter -->
<testsuite hostname="MaiSherif" failures="0" tests="2" name="tests.PrepareCaseReportTest" time="119.163" errors="0" timestamp="2023-01-11T11:03:34 EET" skipped="0">
  <testcase classname="tests.PrepareCaseReportTest" name="CaseReportTest" time="117.007"/>
  <system-out/>
  <testcase classname="tests.PrepareCaseReportTest" name="LoginExternalUser" time="2.156"/>
  <system-out/>
</testsuite> <!-- tests.PrepareCaseReportTest -->
