<?xml version="1.0" encoding="UTF-8"?>
<!-- Generated by org.testng.reporters.JUnitReportReporter -->
<testsuite hostname="MaiSherif" failures="0" tests="5" name="AuctionPlan.AddAuctionTasks" time="42.487" errors="0" timestamp="2023-06-26T16:33:38 EET" skipped="0">
  <testcase classname="AuctionPlan.AddAuctionTasks" name="openauctionplan" time="11.695"/>
  <system-out/>
  <testcase classname="AuctionPlan.AddAuctionTasks" name="LoginExternalUser" time="3.529"/>
  <system-out/>
  <testcase classname="AuctionPlan.AddAuctionTasks" name="addutilitybills" time="11.174"/>
  <system-out/>
  <testcase classname="AuctionPlan.AddAuctionTasks" name="addmaininformationTask" time="15.075"/>
  <system-out/>
  <testcase classname="AuctionPlan.AddAuctionTasks" name="openauctionplan2" time="1.014"/>
  <system-out/>
</testsuite> <!-- AuctionPlan.AddAuctionTasks -->
