<?xml version="1.0" encoding="UTF-8"?>
<!-- Generated by org.testng.reporters.JUnitReportReporter -->
<testsuite hostname="MaiSherif" failures="0" tests="2" name="tests.ApprovePendingCreatedTask" time="22.814" errors="0" timestamp="2023-01-11T11:03:34 EET" skipped="0">
  <testcase classname="tests.ApprovePendingCreatedTask" name="Assigntaskbyserverprovider" time="19.458"/>
  <system-out/>
  <testcase classname="tests.ApprovePendingCreatedTask" name="LoginSuccessfullysuppervisor2" time="3.356"/>
  <system-out/>
</testsuite> <!-- tests.ApprovePendingCreatedTask -->
