<?xml version="1.0" encoding="UTF-8"?>
<!-- Generated by org.testng.reporters.JUnitReportReporter -->
<testsuite hostname="MaiSherif" failures="0" tests="3" name="tests.AssignTaskfromSupervisior_Test" time="15.499" errors="0" timestamp="2023-01-09T14:33:48 EET" skipped="0">
  <testcase classname="tests.AssignTaskfromSupervisior_Test" name="Assigndataentry" time="11.855"/>
  <system-out/>
  <testcase classname="tests.AssignTaskfromSupervisior_Test" name="LoginSuccessfullysuppervisor" time="3.627"/>
  <system-out/>
  <testcase classname="tests.AssignTaskfromSupervisior_Test" name="logout1" time="0.017"/>
  <system-out/>
</testsuite> <!-- tests.AssignTaskfromSupervisior_Test -->
