<?xml version="1.0" encoding="UTF-8"?>
<!-- Generated by org.testng.reporters.JUnitReportReporter -->
<testsuite hostname="MaiSherif" failures="0" tests="2" name="tests.AssignTaskfromSupervisior_Test" time="33.382" errors="0" timestamp="2023-01-11T11:03:34 EET" skipped="0">
  <testcase classname="tests.AssignTaskfromSupervisior_Test" name="LoginSuccessfullysuppervisor" time="5.194"/>
  <system-out/>
  <testcase classname="tests.AssignTaskfromSupervisior_Test" name="Assigndataentry" time="28.188"/>
  <system-out/>
</testsuite> <!-- tests.AssignTaskfromSupervisior_Test -->
