<?xml version="1.0" encoding="UTF-8"?>
<!-- Generated by org.testng.reporters.JUnitReportReporter -->
<testsuite hostname="MaiSherif" failures="0" tests="3" name="tests.AssignEvaluatorTest" time="14.174" errors="0" timestamp="2023-01-11T11:03:34 EET" skipped="0">
  <testcase classname="tests.AssignEvaluatorTest" name="logout2" time="0.020"/>
  <system-out/>
  <testcase classname="tests.AssignEvaluatorTest" name="LoginSuccessfullyPurchasingdepartment" time="2.770"/>
  <system-out/>
  <testcase classname="tests.AssignEvaluatorTest" name="AssignEvaluator" time="11.384"/>
  <system-out/>
</testsuite> <!-- tests.AssignEvaluatorTest -->
