<?xml version="1.0" encoding="UTF-8"?>
<!-- Generated by org.testng.reporters.JUnitReportReporter -->
<testsuite hostname="MaiSherif" failures="0" tests="3" name="tests.TaskTest" time="13.880" errors="0" timestamp="2023-01-02T14:37:42 EET" skipped="0">
  <testcase classname="tests.TaskTest" name="LoginSuccessfullysuppervisor" time="3.130"/>
  <system-out/>
  <testcase classname="tests.TaskTest" name="Assigndataentry" time="10.731"/>
  <system-out/>
  <testcase classname="tests.TaskTest" name="logout1" time="0.019"/>
  <system-out/>
</testsuite> <!-- tests.TaskTest -->
