<?xml version="1.0" encoding="UTF-8"?>
<!-- Generated by org.testng.reporters.JUnitReportReporter -->
<testsuite hostname="MaiSherif" failures="0" tests="2" name="tests.DataEntryTest" time="56.911" errors="0" timestamp="2023-01-11T11:03:34 EET" skipped="0">
  <testcase classname="tests.DataEntryTest" name="LoginSuccessfullydataentry" time="4.821"/>
  <system-out/>
  <testcase classname="tests.DataEntryTest" name="DataEntry" time="52.090"/>
  <system-out/>
</testsuite> <!-- tests.DataEntryTest -->
