<?xml version="1.0" encoding="UTF-8"?>
<!-- Generated by org.testng.reporters.JUnitReportReporter -->
<testsuite hostname="MaiSherif" failures="0" tests="2" name="tests.DataEntryTest" time="130.362" errors="0" timestamp="2023-01-25T11:15:56 EET" skipped="0">
  <testcase classname="tests.DataEntryTest" name="DataEntry" time="125.230"/>
  <system-out/>
  <testcase classname="tests.DataEntryTest" name="LoginSuccessfullydataentry" time="5.132"/>
  <system-out/>
</testsuite> <!-- tests.DataEntryTest -->
