<?xml version="1.0" encoding="UTF-8"?>
<!-- Generated by org.testng.reporters.JUnitReportReporter -->
<testsuite hostname="MaiSherif" failures="0" tests="2" name="AuctionPlan.ApproveAutionTasks" time="32.460" errors="0" timestamp="2023-06-26T16:33:38 EET" skipped="0">
  <testcase classname="AuctionPlan.ApproveAutionTasks" name="LoginPM" time="4.069"/>
  <system-out/>
  <testcase classname="AuctionPlan.ApproveAutionTasks" name="approveTasks" time="28.391"/>
  <system-out/>
</testsuite> <!-- AuctionPlan.ApproveAutionTasks -->
