<?xml version="1.0" encoding="UTF-8"?>
<!-- Generated by org.testng.reporters.JUnitReportReporter -->
<testsuite hostname="MaiSherif" failures="0" tests="2" name="FinalEvaluation.RequestEvaluatorTest" time="16.450" errors="0" timestamp="2023-06-05T10:37:08 EET" skipped="0">
  <testcase classname="FinalEvaluation.RequestEvaluatorTest" name="SendhireRequestTest" time="12.347"/>
  <system-out/>
  <testcase classname="FinalEvaluation.RequestEvaluatorTest" name="LoginSuccessfullyEvaluationManager" time="4.103"/>
  <system-out/>
</testsuite> <!-- FinalEvaluation.RequestEvaluatorTest -->
