<?xml version="1.0" encoding="UTF-8"?>
<!-- Generated by org.testng.reporters.JUnitReportReporter -->
<testsuite hostname="MaiSherif" failures="0" tests="2" name="tests.AssignTaskfromSupervisior_Test" time="36.058" errors="0" timestamp="2023-01-11T12:32:24 EET" skipped="0">
  <testcase classname="tests.AssignTaskfromSupervisior_Test" name="Assigndataentry" time="27.698"/>
  <system-out/>
  <testcase classname="tests.AssignTaskfromSupervisior_Test" name="LoginSuccessfullysuppervisor" time="8.360"/>
  <system-out/>
</testsuite> <!-- tests.AssignTaskfromSupervisior_Test -->
