<?xml version="1.0" encoding="UTF-8"?>
<!-- Generated by org.testng.reporters.JUnitReportReporter -->
<testsuite hostname="MaiSherif" failures="0" tests="2" name="FinalEvaluation.ApproveFinalEvaluationManager" time="26.970" errors="0" timestamp="2023-06-05T11:06:09 EET" skipped="0">
  <testcase classname="FinalEvaluation.ApproveFinalEvaluationManager" name="loginEvaluationEmploee" time="5.686"/>
  <system-out/>
  <testcase classname="FinalEvaluation.ApproveFinalEvaluationManager" name="employeeevaluation" time="21.284"/>
  <system-out/>
</testsuite> <!-- FinalEvaluation.ApproveFinalEvaluationManager -->
