<?xml version="1.0" encoding="UTF-8"?>
<!-- Generated by org.testng.reporters.JUnitReportReporter -->
<testsuite hostname="MaiSherif" failures="0" tests="3" name="tests.RequestEvaluatorTest" time="10.688" errors="0" timestamp="2023-06-14T12:09:37 EET" skipped="0">
  <testcase classname="tests.RequestEvaluatorTest" name="logout1" time="0.015"/>
  <system-out/>
  <testcase classname="tests.RequestEvaluatorTest" name="SendhireRequestTest" time="7.234"/>
  <system-out/>
  <testcase classname="tests.RequestEvaluatorTest" name="LoginSuccessfullyEvaluationManager" time="3.439"/>
  <system-out/>
</testsuite> <!-- tests.RequestEvaluatorTest -->
