<?xml version="1.0" encoding="UTF-8"?>
<!-- Generated by org.testng.reporters.JUnitReportReporter -->
<testsuite hostname="MaiSherif" failures="0" tests="3" name="tests.ApproveCasereportEvaluationmanager" time="56.776" errors="0" timestamp="2023-01-11T11:03:34 EET" skipped="0">
  <testcase classname="tests.ApproveCasereportEvaluationmanager" name="managmentevaluation" time="49.326"/>
  <system-out/>
  <testcase classname="tests.ApproveCasereportEvaluationmanager" name="logout2" time="0.019"/>
  <system-out/>
  <testcase classname="tests.ApproveCasereportEvaluationmanager" name="LoginmanagerEvaluation" time="7.431"/>
  <system-out/>
</testsuite> <!-- tests.ApproveCasereportEvaluationmanager -->
