<?xml version="1.0" encoding="UTF-8"?>
<!-- Generated by org.testng.reporters.JUnitReportReporter -->
<testsuite hostname="MaiSherif" failures="0" tests="3" name="tests.FillDataJusticWriterTest" time="41.883" errors="0" timestamp="2023-01-11T11:03:34 EET" skipped="0">
  <testcase classname="tests.FillDataJusticWriterTest" name="justicwriterapproval" time="38.524"/>
  <system-out/>
  <testcase classname="tests.FillDataJusticWriterTest" name="loginJusticeWriter" time="3.343"/>
  <system-out/>
  <testcase classname="tests.FillDataJusticWriterTest" name="logout1" time="0.016"/>
  <system-out/>
</testsuite> <!-- tests.FillDataJusticWriterTest -->
