<?xml version="1.0" encoding="UTF-8"?>
<!-- Generated by org.testng.reporters.JUnitReportReporter -->
<testsuite hostname="MaiSherif" failures="0" tests="2" name="tests.ApprovePendingCreatedTask" time="39.286" errors="0" timestamp="2023-09-05T13:14:33 EET" skipped="0">
  <testcase classname="tests.ApprovePendingCreatedTask" name="Assigntaskbyserverprovider" time="27.637"/>
  <system-out/>
  <testcase classname="tests.ApprovePendingCreatedTask" name="LoginSuccessfullysuppervisor2" time="11.649"/>
  <system-out/>
</testsuite> <!-- tests.ApprovePendingCreatedTask -->
