<?xml version="1.0" encoding="UTF-8"?>
<!-- Generated by org.testng.reporters.JUnitReportReporter -->
<testsuite hostname="MaiSherif" failures="0" tests="3" name="tests.RequestEvaluatorTest" time="19.505" errors="0" timestamp="2023-01-11T11:03:34 EET" skipped="0">
  <testcase classname="tests.RequestEvaluatorTest" name="LoginSuccessfullyEvaluationManager" time="6.706"/>
  <system-out/>
  <testcase classname="tests.RequestEvaluatorTest" name="logout1" time="0.016"/>
  <system-out/>
  <testcase classname="tests.RequestEvaluatorTest" name="SendhireRequestTest" time="12.783"/>
  <system-out/>
</testsuite> <!-- tests.RequestEvaluatorTest -->
