<?xml version="1.0" encoding="UTF-8"?>
<!-- Generated by org.testng.reporters.JUnitReportReporter -->
<testsuite hostname="MaiSherif" failures="0" tests="3" name="tests.ApprovePendingCreatedTask" time="16.966" errors="0" timestamp="2023-01-09T14:33:48 EET" skipped="0">
  <testcase classname="tests.ApprovePendingCreatedTask" name="Assigntaskbyserverprovider" time="12.340"/>
  <system-out/>
  <testcase classname="tests.ApprovePendingCreatedTask" name="LoginSuccessfullysuppervisor2" time="4.614"/>
  <system-out/>
  <testcase classname="tests.ApprovePendingCreatedTask" name="logout" time="0.012"/>
  <system-out/>
</testsuite> <!-- tests.ApprovePendingCreatedTask -->
