<?xml version="1.0" encoding="UTF-8"?>
<!-- Generated by org.testng.reporters.JUnitReportReporter -->
<testsuite hostname="MaiSherif" failures="0" tests="2" name="tests.ApprovePendingCreatedTask" time="35.366" errors="0" timestamp="2023-01-11T12:32:24 EET" skipped="0">
  <testcase classname="tests.ApprovePendingCreatedTask" name="LoginSuccessfullysuppervisor2" time="4.882"/>
  <system-out/>
  <testcase classname="tests.ApprovePendingCreatedTask" name="Assigntaskbyserverprovider" time="30.484"/>
  <system-out/>
</testsuite> <!-- tests.ApprovePendingCreatedTask -->
