<?xml version="1.0" encoding="UTF-8"?>
<!-- Generated by org.testng.reporters.JUnitReportReporter -->
<testsuite hostname="MaiSherif" failures="0" tests="5" name="AuctionPlan.AddAuctionTasks" time="52.871" errors="0" timestamp="2023-07-18T11:22:30 EET" skipped="0">
  <testcase classname="AuctionPlan.AddAuctionTasks" name="openauctionplan" time="11.529"/>
  <system-out/>
  <testcase classname="AuctionPlan.AddAuctionTasks" name="LoginExternalUser" time="3.150"/>
  <system-out/>
  <testcase classname="AuctionPlan.AddAuctionTasks" name="addutilitybills" time="10.985"/>
  <system-out/>
  <testcase classname="AuctionPlan.AddAuctionTasks" name="openauctionplan2" time="1.119"/>
  <system-out/>
  <testcase classname="AuctionPlan.AddAuctionTasks" name="addmaininformationTask" time="26.088"/>
  <system-out/>
</testsuite> <!-- AuctionPlan.AddAuctionTasks -->
