<?xml version="1.0" encoding="UTF-8"?>
<!-- Generated by org.testng.reporters.JUnitReportReporter -->
<testsuite hostname="MaiSherif" failures="0" tests="2" name="AuctionPlan.ApproveAuctionPlanTest" time="17.119" errors="0" timestamp="2023-07-18T11:22:30 EET" skipped="0">
  <testcase classname="AuctionPlan.ApproveAuctionPlanTest" name="auctionplan" time="14.207"/>
  <system-out/>
  <testcase classname="AuctionPlan.ApproveAuctionPlanTest" name="LoginPM" time="2.912"/>
  <system-out/>
</testsuite> <!-- AuctionPlan.ApproveAuctionPlanTest -->
