<?xml version="1.0" encoding="UTF-8"?>
<!-- Generated by org.testng.reporters.JUnitReportReporter -->
<testsuite hostname="MaiSherif" failures="0" tests="2" name="ProjectPlanTests.AssignProjectManagerTest" time="14.017" errors="0" timestamp="2023-06-20T14:58:59 EET" skipped="0">
  <testcase classname="ProjectPlanTests.AssignProjectManagerTest" name="assignpm" time="10.803"/>
  <system-out/>
  <testcase classname="ProjectPlanTests.AssignProjectManagerTest" name="LoginPortofolioManager" time="3.214"/>
  <system-out/>
</testsuite> <!-- ProjectPlanTests.AssignProjectManagerTest -->
