<?xml version="1.0" encoding="UTF-8"?>
<!-- Generated by org.testng.reporters.JUnitReportReporter -->
<testsuite hostname="MaiSherif" failures="0" tests="2" name="AuctionPlan.AuctionPlanTest" time="16.066" errors="0" timestamp="2023-06-22T14:18:46 EET" skipped="0">
  <testcase classname="AuctionPlan.AuctionPlanTest" name="LoginExternalUser" time="2.149"/>
  <system-out/>
  <testcase classname="AuctionPlan.AuctionPlanTest" name="auctionplan" time="13.917"/>
  <system-out/>
</testsuite> <!-- AuctionPlan.AuctionPlanTest -->
