<?xml version="1.0" encoding="UTF-8"?>
<!-- Generated by org.testng.reporters.JUnitReportReporter -->
<testsuite hostname="MaiSherif" failures="0" tests="2" name="tests.ApprovePendingCreatedTask" time="15.787" errors="0" timestamp="2023-06-14T12:09:37 EET" skipped="0">
  <testcase classname="tests.ApprovePendingCreatedTask" name="LoginSuccessfullysuppervisor2" time="3.642"/>
  <system-out/>
  <testcase classname="tests.ApprovePendingCreatedTask" name="Assigntaskbyserverprovider" time="12.145"/>
  <system-out/>
</testsuite> <!-- tests.ApprovePendingCreatedTask -->
