<?xml version="1.0" encoding="UTF-8"?>
<!-- Generated by org.testng.reporters.JUnitReportReporter -->
<testsuite hostname="MaiSherif" failures="0" tests="3" name="tests.FillDataJusticWriterTest" time="198.607" errors="0" timestamp="2023-01-25T11:48:03 EET" skipped="0">
  <testcase classname="tests.FillDataJusticWriterTest" name="loginJusticeWriter" time="5.492"/>
  <system-out/>
  <testcase classname="tests.FillDataJusticWriterTest" name="logout1" time="0.015"/>
  <system-out/>
  <testcase classname="tests.FillDataJusticWriterTest" name="justicwriterapproval" time="193.100"/>
  <system-out/>
</testsuite> <!-- tests.FillDataJusticWriterTest -->
