<?xml version="1.0" encoding="UTF-8"?>
<!-- Generated by org.testng.reporters.JUnitReportReporter -->
<testsuite hostname="MaiSherif" failures="0" tests="2" name="tests.AssignEvaluatorTest" time="20.400" errors="0" timestamp="2023-09-05T13:15:58 EET" skipped="0">
  <testcase classname="tests.AssignEvaluatorTest" name="AssignEvaluator" time="13.548"/>
  <system-out/>
  <testcase classname="tests.AssignEvaluatorTest" name="LoginSuccessfullyPurchasingdepartment" time="6.852"/>
  <system-out/>
</testsuite> <!-- tests.AssignEvaluatorTest -->
