<?xml version="1.0" encoding="UTF-8"?>
<!-- Generated by org.testng.reporters.JUnitReportReporter -->
<testsuite hostname="MaiSherif" failures="0" tests="3" name="tests.ApproveCaseReportbyEvaluationEmployee" time="109.557" errors="0" timestamp="2023-01-25T11:37:13 EET" skipped="0">
  <testcase classname="tests.ApproveCaseReportbyEvaluationEmployee" name="logout1" time="0.027"/>
  <system-out/>
  <testcase classname="tests.ApproveCaseReportbyEvaluationEmployee" name="employeeevaluation" time="105.176"/>
  <system-out/>
  <testcase classname="tests.ApproveCaseReportbyEvaluationEmployee" name="loginEvaluationEmploee" time="4.354"/>
  <system-out/>
</testsuite> <!-- tests.ApproveCaseReportbyEvaluationEmployee -->
