<?xml version="1.0" encoding="UTF-8"?>
<!-- Generated by org.testng.reporters.JUnitReportReporter -->
<testsuite hostname="MaiSherif" failures="0" tests="2" name="AuctionPlan.ApproveAuctionPlanTest" time="15.726" errors="0" timestamp="2023-06-22T14:18:46 EET" skipped="0">
  <testcase classname="AuctionPlan.ApproveAuctionPlanTest" name="LoginPM" time="2.644"/>
  <system-out/>
  <testcase classname="AuctionPlan.ApproveAuctionPlanTest" name="auctionplan" time="13.082"/>
  <system-out/>
</testsuite> <!-- AuctionPlan.ApproveAuctionPlanTest -->
