<?xml version="1.0" encoding="UTF-8"?>
<!-- Generated by org.testng.reporters.JUnitReportReporter -->
<testsuite hostname="MaiSherif" failures="0" tests="2" name="tests.PrepareCaseReportTest" time="163.952" errors="0" timestamp="2023-09-05T16:57:20 EET" skipped="0">
  <testcase classname="tests.PrepareCaseReportTest" name="CaseReportTest" time="160.757"/>
  <system-out/>
  <testcase classname="tests.PrepareCaseReportTest" name="LoginExternalUser" time="3.195"/>
  <system-out/>
</testsuite> <!-- tests.PrepareCaseReportTest -->
