<?xml version="1.0" encoding="UTF-8"?>
<!-- Generated by org.testng.reporters.JUnitReportReporter -->
<testsuite hostname="MaiSherif" failures="0" tests="2" name="tests.ApprovePendingCreatedTask" time="27.440" errors="0" timestamp="2023-01-25T11:16:42 EET" skipped="0">
  <testcase classname="tests.ApprovePendingCreatedTask" name="Assigntaskbyserverprovider" time="22.625"/>
  <system-out/>
  <testcase classname="tests.ApprovePendingCreatedTask" name="LoginSuccessfullysuppervisor2" time="4.815"/>
  <system-out/>
</testsuite> <!-- tests.ApprovePendingCreatedTask -->
