<?xml version="1.0" encoding="UTF-8"?>
<!-- Generated by org.testng.reporters.JUnitReportReporter -->
<testsuite hostname="MaiSherif" failures="0" tests="2" name="tests.ApproveCaseReportbyEvaluationEmployee" time="93.587" errors="0" timestamp="2023-06-21T15:11:31 EET" skipped="0">
  <testcase classname="tests.ApproveCaseReportbyEvaluationEmployee" name="employeeevaluation" time="90.171"/>
  <system-out/>
  <testcase classname="tests.ApproveCaseReportbyEvaluationEmployee" name="loginEvaluationEmploee" time="3.416"/>
  <system-out/>
</testsuite> <!-- tests.ApproveCaseReportbyEvaluationEmployee -->
