<?xml version="1.0" encoding="UTF-8"?>
<!-- Generated by org.testng.reporters.JUnitReportReporter -->
<testsuite hostname="MaiSherif" failures="0" tests="2" name="FinalEvaluation.FinalEvaluationUser1" time="86.882" errors="0" timestamp="2023-06-05T10:55:58 EET" skipped="0">
  <testcase classname="FinalEvaluation.FinalEvaluationUser1" name="SendhireRequestTest" time="77.412"/>
  <system-out/>
  <testcase classname="FinalEvaluation.FinalEvaluationUser1" name="LoginExternalUser" time="9.470"/>
  <system-out/>
</testsuite> <!-- FinalEvaluation.FinalEvaluationUser1 -->
