<?xml version="1.0" encoding="UTF-8"?>
<!-- Generated by org.testng.reporters.JUnitReportReporter -->
<testsuite hostname="MaiSherif" failures="0" tests="2" name="tests.DataEntryTest" time="118.615" errors="0" timestamp="2023-06-14T12:09:37 EET" skipped="0">
  <testcase classname="tests.DataEntryTest" name="DataEntry" time="111.566"/>
  <system-out/>
  <testcase classname="tests.DataEntryTest" name="LoginSuccessfullydataentry" time="7.049"/>
  <system-out/>
</testsuite> <!-- tests.DataEntryTest -->
