<?xml version="1.0" encoding="UTF-8"?>
<!-- Generated by org.testng.reporters.JUnitReportReporter -->
<testsuite hostname="MaiSherif" failures="0" tests="2" name="tests.PrepareCaseReportTest" time="76.419" errors="0" timestamp="2023-06-21T15:08:44 EET" skipped="0">
  <testcase classname="tests.PrepareCaseReportTest" name="CaseReportTest" time="74.249"/>
  <system-out/>
  <testcase classname="tests.PrepareCaseReportTest" name="LoginExternalUser" time="2.170"/>
  <system-out/>
</testsuite> <!-- tests.PrepareCaseReportTest -->
