<?xml version="1.0" encoding="UTF-8"?>
<!-- Generated by org.testng.reporters.JUnitReportReporter -->
<testsuite hostname="MaiSherif" failures="0" tests="2" name="tests.ApproveCaseReportbyEvaluationEmployee" time="111.337" errors="0" timestamp="2023-09-05T17:03:42 EET" skipped="0">
  <testcase classname="tests.ApproveCaseReportbyEvaluationEmployee" name="employeeevaluation" time="104.515"/>
  <system-out/>
  <testcase classname="tests.ApproveCaseReportbyEvaluationEmployee" name="loginEvaluationEmploee" time="6.822"/>
  <system-out/>
</testsuite> <!-- tests.ApproveCaseReportbyEvaluationEmployee -->
