<?xml version="1.0" encoding="UTF-8"?>
<!-- Generated by org.testng.reporters.JUnitReportReporter -->
<testsuite hostname="MaiSherif" failures="0" tests="2" name="tests.AssignTaskfromSupervisior_Test" time="43.409" errors="0" timestamp="2023-06-14T12:09:37 EET" skipped="0">
  <testcase classname="tests.AssignTaskfromSupervisior_Test" name="LoginSuccessfullysuppervisor" time="17.298"/>
  <system-out/>
  <testcase classname="tests.AssignTaskfromSupervisior_Test" name="Assigndataentry" time="26.111"/>
  <system-out/>
</testsuite> <!-- tests.AssignTaskfromSupervisior_Test -->
