<?xml version="1.0" encoding="UTF-8"?>
<!-- Generated by org.testng.reporters.JUnitReportReporter -->
<testsuite hostname="MaiSherif" failures="0" tests="3" name="tests.RequestEvaluatorTest" time="26.916" errors="0" timestamp="2023-01-11T12:32:24 EET" skipped="0">
  <testcase classname="tests.RequestEvaluatorTest" name="LoginSuccessfullyEvaluationManager" time="10.155"/>
  <system-out/>
  <testcase classname="tests.RequestEvaluatorTest" name="SendhireRequestTest" time="16.745"/>
  <system-out/>
  <testcase classname="tests.RequestEvaluatorTest" name="logout1" time="0.016"/>
  <system-out/>
</testsuite> <!-- tests.RequestEvaluatorTest -->
