<?xml version="1.0" encoding="UTF-8"?>
<!-- Generated by org.testng.reporters.JUnitReportReporter -->
<testsuite hostname="MaiSherif" failures="0" tests="2" name="tests.DataEntryTest" time="26.742" errors="0" timestamp="2023-09-05T13:05:31 EET" skipped="0">
  <testcase classname="tests.DataEntryTest" name="DataEntry" time="22.232"/>
  <system-out/>
  <testcase classname="tests.DataEntryTest" name="LoginSuccessfullydataentry" time="4.510"/>
  <system-out/>
</testsuite> <!-- tests.DataEntryTest -->
