<?xml version="1.0" encoding="UTF-8"?>
<!-- Generated by org.testng.reporters.JUnitReportReporter -->
<testsuite hostname="MaiSherif" failures="0" tests="3" name="tests.AssignEvaluatorTest" time="26.849" errors="0" timestamp="2023-01-21T12:04:26 EET" skipped="0">
  <testcase classname="tests.AssignEvaluatorTest" name="LoginSuccessfullyPurchasingdepartment" time="7.235"/>
  <system-out/>
  <testcase classname="tests.AssignEvaluatorTest" name="AssignEvaluator" time="19.593"/>
  <system-out/>
  <testcase classname="tests.AssignEvaluatorTest" name="logout2" time="0.021"/>
  <system-out/>
</testsuite> <!-- tests.AssignEvaluatorTest -->
