<?xml version="1.0" encoding="UTF-8"?>
<!-- Generated by org.testng.reporters.JUnitReportReporter -->
<testsuite hostname="MaiSherif" failures="0" tests="3" name="tests.RequestEvaluatorTest" time="18.494" errors="0" timestamp="2023-09-05T13:15:17 EET" skipped="0">
  <testcase classname="tests.RequestEvaluatorTest" name="logout1" time="0.013"/>
  <system-out/>
  <testcase classname="tests.RequestEvaluatorTest" name="LoginSuccessfullyEvaluationManager" time="4.892"/>
  <system-out/>
  <testcase classname="tests.RequestEvaluatorTest" name="SendhireRequestTest" time="13.589"/>
  <system-out/>
</testsuite> <!-- tests.RequestEvaluatorTest -->
