<?xml version="1.0" encoding="UTF-8"?>
<!-- Generated by org.testng.reporters.JUnitReportReporter -->
<testsuite hostname="MaiSherif" failures="0" tests="2" name="FinalEvaluation.FinalEvaluationUser2" time="79.615" errors="0" timestamp="2023-06-05T10:54:01 EET" skipped="0">
  <testcase classname="FinalEvaluation.FinalEvaluationUser2" name="LoginExternalUser" time="5.421"/>
  <system-out/>
  <testcase classname="FinalEvaluation.FinalEvaluationUser2" name="SendhireRequestTest" time="74.194"/>
  <system-out/>
</testsuite> <!-- FinalEvaluation.FinalEvaluationUser2 -->
