<?xml version="1.0" encoding="UTF-8"?>
<!-- Generated by org.testng.reporters.JUnitReportReporter -->
<testsuite hostname="MaiSherif" failures="0" tests="2" name="AuctionStarted.MakeAssetSellRequest" time="34.919" errors="0" timestamp="2023-06-05T16:06:58 EET" skipped="0">
  <testcase classname="AuctionStarted.MakeAssetSellRequest" name="LoginExternalUser" time="3.002"/>
  <system-out/>
  <testcase classname="AuctionStarted.MakeAssetSellRequest" name="competesellrequest" time="31.917"/>
  <system-out/>
</testsuite> <!-- AuctionStarted.MakeAssetSellRequest -->
