<?xml version="1.0" encoding="UTF-8"?>
<!-- Generated by org.testng.reporters.JUnitReportReporter -->
<testsuite hostname="MaiSherif" failures="0" tests="3" name="AuctionStarted.AppproveSellRequestTest" time="31.585" errors="0" timestamp="2023-05-30T14:26:16 EET" skipped="0">
  <testcase classname="AuctionStarted.AppproveSellRequestTest" name="approverequest" time="23.630"/>
  <system-out/>
  <testcase classname="AuctionStarted.AppproveSellRequestTest" name="closeauction" time="3.085"/>
  <system-out/>
  <testcase classname="AuctionStarted.AppproveSellRequestTest" name="LoginCommitteehead" time="4.870"/>
  <system-out/>
</testsuite> <!-- AuctionStarted.AppproveSellRequestTest -->
