<?xml version="1.0" encoding="UTF-8"?>
<!-- Generated by org.testng.reporters.JUnitReportReporter -->
<testsuite hostname="MaiSherif" failures="0" tests="3" name="tests.ApproveCasereportEvaluationmanager" time="93.465" errors="0" timestamp="2023-01-25T11:42:33 EET" skipped="0">
  <testcase classname="tests.ApproveCasereportEvaluationmanager" name="LoginmanagerEvaluation" time="3.582"/>
  <system-out/>
  <testcase classname="tests.ApproveCasereportEvaluationmanager" name="logout2" time="0.030"/>
  <system-out/>
  <testcase classname="tests.ApproveCasereportEvaluationmanager" name="managmentevaluation" time="89.853"/>
  <system-out/>
</testsuite> <!-- tests.ApproveCasereportEvaluationmanager -->
