<?xml version="1.0" encoding="UTF-8"?>
<!-- Generated by org.testng.reporters.JUnitReportReporter -->
<testsuite hostname="MaiSherif" failures="0" tests="3" name="tests.RequestEvaluatorTest" time="16.886" errors="0" timestamp="2023-01-25T11:17:45 EET" skipped="0">
  <testcase classname="tests.RequestEvaluatorTest" name="logout1" time="0.025"/>
  <system-out/>
  <testcase classname="tests.RequestEvaluatorTest" name="LoginSuccessfullyEvaluationManager" time="7.905"/>
  <system-out/>
  <testcase classname="tests.RequestEvaluatorTest" name="SendhireRequestTest" time="8.956"/>
  <system-out/>
</testsuite> <!-- tests.RequestEvaluatorTest -->
