<?xml version="1.0" encoding="UTF-8"?>
<!-- Generated by org.testng.reporters.JUnitReportReporter -->
<testsuite hostname="MaiSherif" failures="0" tests="2" name="ProjectPlanTests.ApproveprojectPlan" time="18.321" errors="0" timestamp="2023-07-17T13:14:42 EET" skipped="0">
  <testcase classname="ProjectPlanTests.ApproveprojectPlan" name="approveproject" time="13.554"/>
  <system-out/>
  <testcase classname="ProjectPlanTests.ApproveprojectPlan" name="LoginPM" time="4.767"/>
  <system-out/>
</testsuite> <!-- ProjectPlanTests.ApproveprojectPlan -->
