<?xml version="1.0" encoding="UTF-8"?>
<!-- Generated by org.testng.reporters.JUnitReportReporter -->
<testsuite hostname="MaiSherif" failures="0" tests="2" name="AuctionPlan.ApproveAutionTasks" time="23.642" errors="0" timestamp="2023-07-18T11:22:30 EET" skipped="0">
  <testcase classname="AuctionPlan.ApproveAutionTasks" name="LoginPM" time="3.911"/>
  <system-out/>
  <testcase classname="AuctionPlan.ApproveAutionTasks" name="approveTasks" time="19.731"/>
  <system-out/>
</testsuite> <!-- AuctionPlan.ApproveAutionTasks -->
