<?xml version="1.0" encoding="UTF-8"?>
<!-- Generated by org.testng.reporters.JUnitReportReporter -->
<testsuite hostname="MaiSherif" failures="0" tests="2" name="tests.DataEntryTest" time="113.362" errors="0" timestamp="2023-01-11T12:32:24 EET" skipped="0">
  <testcase classname="tests.DataEntryTest" name="LoginSuccessfullydataentry" time="3.202"/>
  <system-out/>
  <testcase classname="tests.DataEntryTest" name="DataEntry" time="110.160"/>
  <system-out/>
</testsuite> <!-- tests.DataEntryTest -->
