<?xml version="1.0" encoding="UTF-8"?>
<!-- Generated by org.testng.reporters.JUnitReportReporter -->
<testsuite hostname="MaiSherif" failures="0" tests="2" name="FinalEvaluation.AssignEvaluatorTest" time="26.264" errors="0" timestamp="2023-06-05T10:44:47 EET" skipped="0">
  <testcase classname="FinalEvaluation.AssignEvaluatorTest" name="AssignEvaluator" time="18.426"/>
  <system-out/>
  <testcase classname="FinalEvaluation.AssignEvaluatorTest" name="LoginSuccessfullyPurchasingdepartment" time="7.838"/>
  <system-out/>
</testsuite> <!-- FinalEvaluation.AssignEvaluatorTest -->
