<?xml version="1.0" encoding="UTF-8"?>
<!-- Generated by org.testng.reporters.JUnitReportReporter -->
<testsuite hostname="MaiSherif" failures="0" tests="3" name="tests.AddrecomendationTest" time="34.252" errors="0" timestamp="2023-01-11T11:05:44 EET" skipped="0">
  <testcase classname="tests.AddrecomendationTest" name="loginLegalConsultationResearcher2" time="6.848"/>
  <system-out/>
  <testcase classname="tests.AddrecomendationTest" name="addrecomendation" time="27.383"/>
  <system-out/>
  <testcase classname="tests.AddrecomendationTest" name="logout2" time="0.021"/>
  <system-out/>
</testsuite> <!-- tests.AddrecomendationTest -->
